<?xml version="1.0" encoding="UTF-8"?>
<!-- Generated by org.testng.reporters.JUnitReportReporter -->
<testsuite hostname="mindc1d284" failures="0" tests="10" name="Hybrid.logincrm" time="40.466" errors="0" timestamp="2022-06-03T16:08:39 IST" skipped="0">
  <testcase classname="Hybrid.logincrm" name="loginApp" time="4.339"/>
  <system-out/>
  <testcase classname="Hybrid.logincrm" name="signupapp" time="8.512"/>
  <system-out/>
  <testcase classname="Hybrid.logincrm" name="searchupapp" time="9.859"/>
  <system-out>
    <![CDATA[Bedsheet Done]]>
  </system-out>
  <testcase classname="Hybrid.logincrm" name="Bedapp" time="6.504"/>
  <system-out>
    <![CDATA[searching Done]]>
  </system-out>
  <testcase classname="Hybrid.logincrm" name="Bedappcart" time="4.305"/>
  <system-out>
    <![CDATA[bedapp Done]]>
  </system-out>
  <testcase classname="Hybrid.logincrm" name="assertions" time="2.033"/>
  <system-out>
    <![CDATA[assertions Done]]>
  </system-out>
  <testcase classname="Hybrid.logincrm" name="tvappcart" time="1.699"/>
  <system-out/>
  <testcase classname="Hybrid.logincrm" name="studyapp" time="2.321"/>
  <system-out/>
  <testcase classname="Hybrid.logincrm" name="aboutapp" time="0.550"/>
  <system-out/>
  <testcase classname="Hybrid.logincrm" name="infoapp" time="0.344"/>
  <system-out/>
</testsuite> <!-- Hybrid.logincrm -->
